<?xml version="1.0" encoding="UTF-8"?>
<!-- Generated by org.testng.reporters.JUnitReportReporter -->
<testsuite hostname="DESKTOP-38APER0" failures="0" tests="1" name="com.runner.MMT" time="31.942" errors="0" timestamp="2023-11-28T15:53:12 IST" skipped="0">
  <testcase classname="com.runner.MMT" name="MakeMyTrip" time="31.942"/>
  <system-out/>
</testsuite> <!-- com.runner.MMT -->
